  chat_client_main.cpp
C:\Users\codea\OneDrive\Desktop\New Fanshawe\2_Fanshawe_Work\Thu-Evening (6016)\Project1\PatrickMurphy_INFO6016_Project1\PMurphy_6016_Project1\ChatClient\buffer.h(44,17): warning C4267: 'initializing': conversion from 'size_t' to 'int', possible loss of data
C:\Users\codea\OneDrive\Desktop\New Fanshawe\2_Fanshawe_Work\Thu-Evening (6016)\Project1\PatrickMurphy_INFO6016_Project1\PMurphy_6016_Project1\ChatClient\buffer.h(54,21): warning C4018: '<': signed/unsigned mismatch
C:\Users\codea\OneDrive\Desktop\New Fanshawe\2_Fanshawe_Work\Thu-Evening (6016)\Project1\PatrickMurphy_INFO6016_Project1\PMurphy_6016_Project1\UtilsLib\buffer.h(6,1): error C2011: 'Buffer': 'class' type redefinition
C:\Users\codea\OneDrive\Desktop\New Fanshawe\2_Fanshawe_Work\Thu-Evening (6016)\Project1\PatrickMurphy_INFO6016_Project1\PMurphy_6016_Project1\ChatClient\buffer.h(5,7): message : see declaration of 'Buffer'
C:\Users\codea\OneDrive\Desktop\New Fanshawe\2_Fanshawe_Work\Thu-Evening (6016)\Project1\PatrickMurphy_INFO6016_Project1\PMurphy_6016_Project1\UtilsLib\utilsLib.h(28,48): warning C4267: '=': conversion from 'size_t' to 'uint32_t', possible loss of data
C:\Users\codea\OneDrive\Desktop\New Fanshawe\2_Fanshawe_Work\Thu-Evening (6016)\Project1\PatrickMurphy_INFO6016_Project1\PMurphy_6016_Project1\UtilsLib\utilsLib.h(33,9): error C2079: 'buffer' uses undefined class 'Buffer'
C:\Users\codea\OneDrive\Desktop\New Fanshawe\2_Fanshawe_Work\Thu-Evening (6016)\Project1\PatrickMurphy_INFO6016_Project1\PMurphy_6016_Project1\UtilsLib\utilsLib.h(40,2): error C2660: 'send': function does not take 3 arguments
C:\Program Files (x86)\Windows Kits\10\Include\10.0.22621.0\um\WinSock2.h(2083,1): message : see declaration of 'send'
C:\Users\codea\OneDrive\Desktop\New Fanshawe\2_Fanshawe_Work\Thu-Evening (6016)\Project1\PatrickMurphy_INFO6016_Project1\PMurphy_6016_Project1\UtilsLib\utilsLib.h(40,2): message : while trying to match the argument list '(SOCKET, uint32_t, int)'
C:\Users\codea\OneDrive\Desktop\New Fanshawe\2_Fanshawe_Work\Thu-Evening (6016)\Project1\PatrickMurphy_INFO6016_Project1\PMurphy_6016_Project1\ChatClient\chat_client_main.cpp(24,1): error C2011: 'PacketHeader': 'struct' type redefinition
C:\Users\codea\OneDrive\Desktop\New Fanshawe\2_Fanshawe_Work\Thu-Evening (6016)\Project1\PatrickMurphy_INFO6016_Project1\PMurphy_6016_Project1\UtilsLib\utilsLib.h(11,8): message : see declaration of 'PacketHeader'
C:\Users\codea\OneDrive\Desktop\New Fanshawe\2_Fanshawe_Work\Thu-Evening (6016)\Project1\PatrickMurphy_INFO6016_Project1\PMurphy_6016_Project1\ChatClient\chat_client_main.cpp(30,1): error C2011: 'ChatMessage': 'struct' type redefinition
C:\Users\codea\OneDrive\Desktop\New Fanshawe\2_Fanshawe_Work\Thu-Evening (6016)\Project1\PatrickMurphy_INFO6016_Project1\PMurphy_6016_Project1\UtilsLib\utilsLib.h(17,8): message : see declaration of 'ChatMessage'
C:\Users\codea\OneDrive\Desktop\New Fanshawe\2_Fanshawe_Work\Thu-Evening (6016)\Project1\PatrickMurphy_INFO6016_Project1\PMurphy_6016_Project1\ChatClient\chat_client_main.cpp(44,10): error C2079: 'buffer' uses undefined class 'Buffer'
C:\Users\codea\OneDrive\Desktop\New Fanshawe\2_Fanshawe_Work\Thu-Evening (6016)\Project1\PatrickMurphy_INFO6016_Project1\PMurphy_6016_Project1\ChatClient\chat_client_main.cpp(45,16): error C2660: 'recv': function does not take 3 arguments
C:\Program Files (x86)\Windows Kits\10\Include\10.0.22621.0\um\WinSock2.h(2008,1): message : see declaration of 'recv'
C:\Users\codea\OneDrive\Desktop\New Fanshawe\2_Fanshawe_Work\Thu-Evening (6016)\Project1\PatrickMurphy_INFO6016_Project1\PMurphy_6016_Project1\ChatClient\chat_client_main.cpp(45,16): message : while trying to match the argument list '(SOCKET, const int, int)'
C:\Users\codea\OneDrive\Desktop\New Fanshawe\2_Fanshawe_Work\Thu-Evening (6016)\Project1\PatrickMurphy_INFO6016_Project1\PMurphy_6016_Project1\ChatClient\chat_client_main.cpp(142,9): error C2079: 'joinBuffer' uses undefined class 'Buffer'
C:\Users\codea\OneDrive\Desktop\New Fanshawe\2_Fanshawe_Work\Thu-Evening (6016)\Project1\PatrickMurphy_INFO6016_Project1\PMurphy_6016_Project1\ChatClient\chat_client_main.cpp(143,14): error C2079: 'joinMessage' uses undefined struct 'ChatMessage'
C:\Users\codea\OneDrive\Desktop\New Fanshawe\2_Fanshawe_Work\Thu-Evening (6016)\Project1\PatrickMurphy_INFO6016_Project1\PMurphy_6016_Project1\ChatClient\chat_client_main.cpp(152,2): error C2660: 'send': function does not take 2 arguments
C:\Program Files (x86)\Windows Kits\10\Include\10.0.22621.0\um\WinSock2.h(2083,1): message : see declaration of 'send'
C:\Users\codea\OneDrive\Desktop\New Fanshawe\2_Fanshawe_Work\Thu-Evening (6016)\Project1\PatrickMurphy_INFO6016_Project1\PMurphy_6016_Project1\ChatClient\chat_client_main.cpp(152,2): message : while trying to match the argument list '(SOCKET, int)'
C:\Users\codea\OneDrive\Desktop\New Fanshawe\2_Fanshawe_Work\Thu-Evening (6016)\Project1\PatrickMurphy_INFO6016_Project1\PMurphy_6016_Project1\ChatClient\chat_client_main.cpp(167,15): error C2079: 'message' uses undefined struct 'ChatMessage'
C:\Users\codea\OneDrive\Desktop\New Fanshawe\2_Fanshawe_Work\Thu-Evening (6016)\Project1\PatrickMurphy_INFO6016_Project1\PMurphy_6016_Project1\ChatClient\chat_client_main.cpp(174,10): error C2079: 'buffer' uses undefined class 'Buffer'
C:\Users\codea\OneDrive\Desktop\New Fanshawe\2_Fanshawe_Work\Thu-Evening (6016)\Project1\PatrickMurphy_INFO6016_Project1\PMurphy_6016_Project1\ChatClient\chat_client_main.cpp(181,3): error C2660: 'send': function does not take 2 arguments
C:\Program Files (x86)\Windows Kits\10\Include\10.0.22621.0\um\WinSock2.h(2083,1): message : see declaration of 'send'
C:\Users\codea\OneDrive\Desktop\New Fanshawe\2_Fanshawe_Work\Thu-Evening (6016)\Project1\PatrickMurphy_INFO6016_Project1\PMurphy_6016_Project1\ChatClient\chat_client_main.cpp(181,3): message : while trying to match the argument list '(SOCKET, int)'
